# Logfile created on 2014-10-05 00:50:16 -0400 by logger.rb/41954
2014-10-05T04:50:19.369Z 4070 TID-4yk5w INFO: Running in ruby 2.0.0p481 (2014-05-08 revision 45883) [x86_64-linux]
2014-10-05T04:50:19.369Z 4070 TID-4yk5w INFO: See LICENSE and the LGPL-3.0 for licensing details.
2014-10-05T04:50:19.370Z 4070 TID-4yk5w INFO: Upgrade to Sidekiq Pro for more features and support: http://sidekiq.org/pro
2014-10-05T04:50:19.515Z 4070 TID-iukpw INFO: Booting Sidekiq 3.2.5 with redis options {}
2014-10-05T04:50:19.515Z 4070 TID-i9j6s INFO: Booting Sidekiq 3.2.5 with redis options {}
2014-10-05T04:59:40.417Z 4474 TID-5sl1k INFO: Running in ruby 2.0.0p481 (2014-05-08 revision 45883) [x86_64-linux]
2014-10-05T04:59:40.417Z 4474 TID-5sl1k INFO: See LICENSE and the LGPL-3.0 for licensing details.
2014-10-05T04:59:40.417Z 4474 TID-5sl1k INFO: Upgrade to Sidekiq Pro for more features and support: http://sidekiq.org/pro
2014-10-05T04:59:40.554Z 4474 TID-jolfg INFO: Booting Sidekiq 3.2.5 with redis options {}
2014-10-05T04:59:40.554Z 4474 TID-j38lo INFO: Booting Sidekiq 3.2.5 with redis options {}
2014-10-05T14:05:44.384Z 11159 TID-4xi8c INFO: Running in ruby 2.0.0p481 (2014-05-08 revision 45883) [x86_64-linux]
2014-10-05T14:05:44.384Z 11159 TID-4xi8c INFO: See LICENSE and the LGPL-3.0 for licensing details.
2014-10-05T14:05:44.384Z 11159 TID-4xi8c INFO: Upgrade to Sidekiq Pro for more features and support: http://sidekiq.org/pro
2014-10-05T14:05:44.517Z 11159 TID-i8b3k INFO: Booting Sidekiq 3.2.5 with redis options {}
2014-10-05T14:05:44.517Z 11159 TID-itaks INFO: Booting Sidekiq 3.2.5 with redis options {}
2014-10-05T20:51:09.660Z 11159 TID-hyhjs FetchArticles JID-5d537dedd1320b2816c9361f INFO: start
2014-10-05T20:51:10.585Z 11159 TID-hnlhw FetchArticles JID-7d4c32a357a454bbec7bebc9 INFO: start
2014-10-05T20:51:26.990Z 11159 TID-hyhjs FetchArticles JID-5d537dedd1320b2816c9361f INFO: fail: 17.33 sec
2014-10-05T20:51:26.993Z 11159 TID-hyhjs WARN: {"retry"=>true, "queue"=>"default", "class"=>"FetchArticles", "args"=>[], "jid"=>"5d537dedd1320b2816c9361f", "enqueued_at"=>1412542269.658925, "error_message"=>"redirection forbidden: http://readability.com/articles/fail?url=http://n4g.com/news/clickout/1598888 -> https://readability.com/articles/fail?url=http://n4g.com/news/clickout/1598888", "error_class"=>"RuntimeError", "failed_at"=>1412542286.9894223, "retry_count"=>0}
2014-10-05T20:51:26.993Z 11159 TID-hyhjs WARN: redirection forbidden: http://readability.com/articles/fail?url=http://n4g.com/news/clickout/1598888 -> https://readability.com/articles/fail?url=http://n4g.com/news/clickout/1598888
2014-10-05T20:51:26.993Z 11159 TID-hyhjs WARN: /home/sami/.rvm/rubies/ruby-2.0.0-p481/lib/ruby/2.0.0/open-uri.rb:223:in `open_loop'
/home/sami/.rvm/rubies/ruby-2.0.0-p481/lib/ruby/2.0.0/open-uri.rb:149:in `open_uri'
/home/sami/.rvm/rubies/ruby-2.0.0-p481/lib/ruby/2.0.0/open-uri.rb:689:in `open'
/home/sami/.rvm/rubies/ruby-2.0.0-p481/lib/ruby/2.0.0/open-uri.rb:34:in `open'
/home/sami/n4g-api/app/workers/fetch_articles.rb:11:in `block (2 levels) in perform'
/home/sami/.rvm/gems/ruby-2.0.0-p481/gems/activesupport-3.2.13/lib/active_support/cache.rb:297:in `block in fetch'
/home/sami/.rvm/gems/ruby-2.0.0-p481/gems/activesupport-3.2.13/lib/active_support/cache.rb:520:in `instrument'
/home/sami/.rvm/gems/ruby-2.0.0-p481/gems/activesupport-3.2.13/lib/active_support/cache.rb:296:in `fetch'
/home/sami/n4g-api/app/workers/fetch_articles.rb:10:in `block in perform'
/home/sami/n4g-api/app/workers/fetch_articles.rb:8:in `each'
/home/sami/n4g-api/app/workers/fetch_articles.rb:8:in `perform'
/home/sami/.rvm/gems/ruby-2.0.0-p481/gems/sidekiq-3.2.5/lib/sidekiq/processor.rb:52:in `block (2 levels) in process'
/home/sami/.rvm/gems/ruby-2.0.0-p481/gems/sidekiq-3.2.5/lib/sidekiq/middleware/chain.rb:122:in `call'
/home/sami/.rvm/gems/ruby-2.0.0-p481/gems/sidekiq-3.2.5/lib/sidekiq/middleware/chain.rb:122:in `block in invoke'
/home/sami/.rvm/gems/ruby-2.0.0-p481/gems/sidekiq-3.2.5/lib/sidekiq/middleware/server/retry_jobs.rb:74:in `call'
/home/sami/.rvm/gems/ruby-2.0.0-p481/gems/sidekiq-3.2.5/lib/sidekiq/middleware/chain.rb:124:in `block in invoke'
/home/sami/.rvm/gems/ruby-2.0.0-p481/gems/sidekiq-3.2.5/lib/sidekiq/middleware/server/logging.rb:11:in `block in call'
/home/sami/.rvm/gems/ruby-2.0.0-p481/gems/sidekiq-3.2.5/lib/sidekiq/logging.rb:22:in `with_context'
/home/sami/.rvm/gems/ruby-2.0.0-p481/gems/sidekiq-3.2.5/lib/sidekiq/middleware/server/logging.rb:7:in `call'
/home/sami/.rvm/gems/ruby-2.0.0-p481/gems/sidekiq-3.2.5/lib/sidekiq/middleware/chain.rb:124:in `block in invoke'
/home/sami/.rvm/gems/ruby-2.0.0-p481/gems/sidekiq-3.2.5/lib/sidekiq/middleware/chain.rb:127:in `call'
/home/sami/.rvm/gems/ruby-2.0.0-p481/gems/sidekiq-3.2.5/lib/sidekiq/middleware/chain.rb:127:in `invoke'
/home/sami/.rvm/gems/ruby-2.0.0-p481/gems/sidekiq-3.2.5/lib/sidekiq/processor.rb:51:in `block in process'
/home/sami/.rvm/gems/ruby-2.0.0-p481/gems/sidekiq-3.2.5/lib/sidekiq/processor.rb:94:in `stats'
/home/sami/.rvm/gems/ruby-2.0.0-p481/gems/sidekiq-3.2.5/lib/sidekiq/processor.rb:50:in `process'
/home/sami/.rvm/gems/ruby-2.0.0-p481/gems/celluloid-0.15.2/lib/celluloid/calls.rb:25:in `public_send'
/home/sami/.rvm/gems/ruby-2.0.0-p481/gems/celluloid-0.15.2/lib/celluloid/calls.rb:25:in `dispatch'
/home/sami/.rvm/gems/ruby-2.0.0-p481/gems/celluloid-0.15.2/lib/celluloid/calls.rb:122:in `dispatch'
/home/sami/.rvm/gems/ruby-2.0.0-p481/gems/celluloid-0.15.2/lib/celluloid/actor.rb:322:in `block in handle_message'
/home/sami/.rvm/gems/ruby-2.0.0-p481/gems/celluloid-0.15.2/lib/celluloid/actor.rb:416:in `block in task'
/home/sami/.rvm/gems/ruby-2.0.0-p481/gems/celluloid-0.15.2/lib/celluloid/tasks.rb:55:in `block in initialize'
/home/sami/.rvm/gems/ruby-2.0.0-p481/gems/celluloid-0.15.2/lib/celluloid/tasks/task_fiber.rb:13:in `block in create'
2014-10-05T20:51:52.739Z 4070 TID-hzhx8 FetchArticles JID-a6eebfa19514e3eb15c160bc INFO: start
2014-10-05T20:51:53.268Z 11159 TID-hnlhw FetchArticles JID-7d4c32a357a454bbec7bebc9 INFO: done: 42.683 sec
2014-10-05T20:51:53.346Z 4070 TID-hzhx8 FetchArticles JID-a6eebfa19514e3eb15c160bc INFO: done: 0.607 sec
2014-10-06T01:28:06.185Z 11159 TID-i8b3k ERROR: Error fetching message: Error connecting to Redis on 127.0.0.1:6379 (ECONNREFUSED)
2014-10-06T01:28:06.185Z 4474 TID-j38lo ERROR: Error fetching message: Error connecting to Redis on 127.0.0.1:6379 (ECONNREFUSED)
2014-10-06T01:28:06.186Z 11159 TID-i8b3k ERROR: /home/sami/.rvm/gems/ruby-2.0.0-p481/gems/redis-3.1.0/lib/redis/client.rb:309:in `rescue in establish_connection'
2014-10-06T01:28:06.186Z 4070 TID-i9j6s ERROR: Error fetching message: Error connecting to Redis on 127.0.0.1:6379 (ECONNREFUSED)
2014-10-06T01:28:06.186Z 11159 TID-i8b3k ERROR: /home/sami/.rvm/gems/ruby-2.0.0-p481/gems/redis-3.1.0/lib/redis/client.rb:304:in `establish_connection'
2014-10-06T01:28:06.186Z 4474 TID-j38lo ERROR: /home/sami/.rvm/gems/ruby-2.0.0-p481/gems/redis-3.1.0/lib/redis/client.rb:309:in `rescue in establish_connection'
2014-10-06T01:28:06.186Z 11159 TID-i8b3k ERROR: /home/sami/.rvm/gems/ruby-2.0.0-p481/gems/redis-3.1.0/lib/redis/client.rb:85:in `block in connect'
2014-10-06T01:28:06.186Z 4474 TID-j38lo ERROR: /home/sami/.rvm/gems/ruby-2.0.0-p481/gems/redis-3.1.0/lib/redis/client.rb:304:in `establish_connection'
2014-10-06T01:28:06.186Z 4070 TID-i9j6s ERROR: /home/sami/.rvm/gems/ruby-2.0.0-p481/gems/redis-3.1.0/lib/redis/client.rb:309:in `rescue in establish_connection'
2014-10-06T01:28:06.186Z 11159 TID-i8b3k ERROR: /home/sami/.rvm/gems/ruby-2.0.0-p481/gems/redis-3.1.0/lib/redis/client.rb:266:in `with_reconnect'
2014-10-06T01:28:06.186Z 4474 TID-j38lo ERROR: /home/sami/.rvm/gems/ruby-2.0.0-p481/gems/redis-3.1.0/lib/redis/client.rb:85:in `block in connect'
2014-10-06T01:28:06.186Z 11159 TID-i8b3k ERROR: /home/sami/.rvm/gems/ruby-2.0.0-p481/gems/redis-3.1.0/lib/redis/client.rb:84:in `connect'
2014-10-06T01:28:06.186Z 4474 TID-j38lo ERROR: /home/sami/.rvm/gems/ruby-2.0.0-p481/gems/redis-3.1.0/lib/redis/client.rb:266:in `with_reconnect'
2014-10-06T01:28:06.186Z 4070 TID-i9j6s ERROR: /home/sami/.rvm/gems/ruby-2.0.0-p481/gems/redis-3.1.0/lib/redis/client.rb:304:in `establish_connection'
2014-10-06T01:28:06.186Z 11159 TID-i8b3k ERROR: /home/sami/.rvm/gems/ruby-2.0.0-p481/gems/redis-3.1.0/lib/redis/client.rb:326:in `ensure_connected'
2014-10-06T01:28:06.186Z 4474 TID-j38lo ERROR: /home/sami/.rvm/gems/ruby-2.0.0-p481/gems/redis-3.1.0/lib/redis/client.rb:84:in `connect'
2014-10-06T01:28:06.186Z 11159 TID-i8b3k ERROR: /home/sami/.rvm/gems/ruby-2.0.0-p481/gems/redis-3.1.0/lib/redis/client.rb:197:in `block in process'
2014-10-06T01:28:06.186Z 4474 TID-j38lo ERROR: /home/sami/.rvm/gems/ruby-2.0.0-p481/gems/redis-3.1.0/lib/redis/client.rb:326:in `ensure_connected'
2014-10-06T01:28:06.186Z 11159 TID-i8b3k ERROR: /home/sami/.rvm/gems/ruby-2.0.0-p481/gems/redis-3.1.0/lib/redis/client.rb:279:in `logging'
2014-10-06T01:28:06.186Z 4070 TID-i9j6s ERROR: /home/sami/.rvm/gems/ruby-2.0.0-p481/gems/redis-3.1.0/lib/redis/client.rb:85:in `block in connect'
2014-10-06T01:28:06.186Z 4474 TID-j38lo ERROR: /home/sami/.rvm/gems/ruby-2.0.0-p481/gems/redis-3.1.0/lib/redis/client.rb:197:in `block in process'
2014-10-06T01:28:06.186Z 11159 TID-i8b3k ERROR: /home/sami/.rvm/gems/ruby-2.0.0-p481/gems/redis-3.1.0/lib/redis/client.rb:196:in `process'
2014-10-06T01:28:06.186Z 4474 TID-j38lo ERROR: /home/sami/.rvm/gems/ruby-2.0.0-p481/gems/redis-3.1.0/lib/redis/client.rb:279:in `logging'
2014-10-06T01:28:06.186Z 11159 TID-i8b3k ERROR: /home/sami/.rvm/gems/ruby-2.0.0-p481/gems/redis-3.1.0/lib/redis/client.rb:102:in `call'
2014-10-06T01:28:06.186Z 4070 TID-i9j6s ERROR: /home/sami/.rvm/gems/ruby-2.0.0-p481/gems/redis-3.1.0/lib/redis/client.rb:266:in `with_reconnect'
2014-10-06T01:28:06.186Z 4474 TID-j38lo ERROR: /home/sami/.rvm/gems/ruby-2.0.0-p481/gems/redis-3.1.0/lib/redis/client.rb:196:in `process'
2014-10-06T01:28:06.186Z 11159 TID-i8b3k ERROR: /home/sami/.rvm/gems/ruby-2.0.0-p481/gems/redis-3.1.0/lib/redis/client.rb:185:in `block in call_with_timeout'
2014-10-06T01:28:06.186Z 4474 TID-j38lo ERROR: /home/sami/.rvm/gems/ruby-2.0.0-p481/gems/redis-3.1.0/lib/redis/client.rb:102:in `call'
2014-10-06T01:28:06.186Z 4070 TID-i9j6s ERROR: /home/sami/.rvm/gems/ruby-2.0.0-p481/gems/redis-3.1.0/lib/redis/client.rb:84:in `connect'
2014-10-06T01:28:06.186Z 11159 TID-i8b3k ERROR: /home/sami/.rvm/gems/ruby-2.0.0-p481/gems/redis-3.1.0/lib/redis/client.rb:253:in `with_socket_timeout'
2014-10-06T01:28:06.186Z 4474 TID-j38lo ERROR: /home/sami/.rvm/gems/ruby-2.0.0-p481/gems/redis-3.1.0/lib/redis/client.rb:185:in `block in call_with_timeout'
2014-10-06T01:28:06.186Z 11159 TID-i8b3k ERROR: /home/sami/.rvm/gems/ruby-2.0.0-p481/gems/redis-3.1.0/lib/redis/client.rb:184:in `call_with_timeout'
2014-10-06T01:28:06.186Z 4474 TID-j38lo ERROR: /home/sami/.rvm/gems/ruby-2.0.0-p481/gems/redis-3.1.0/lib/redis/client.rb:253:in `with_socket_timeout'
2014-10-06T01:28:06.186Z 4070 TID-i9j6s ERROR: /home/sami/.rvm/gems/ruby-2.0.0-p481/gems/redis-3.1.0/lib/redis/client.rb:326:in `ensure_connected'
2014-10-06T01:28:06.186Z 11159 TID-i8b3k ERROR: /home/sami/.rvm/gems/ruby-2.0.0-p481/gems/redis-3.1.0/lib/redis.rb:1059:in `block in _bpop'
2014-10-06T01:28:06.186Z 4474 TID-j38lo ERROR: /home/sami/.rvm/gems/ruby-2.0.0-p481/gems/redis-3.1.0/lib/redis/client.rb:184:in `call_with_timeout'
2014-10-06T01:28:06.186Z 11159 TID-i8b3k ERROR: /home/sami/.rvm/gems/ruby-2.0.0-p481/gems/redis-3.1.0/lib/redis.rb:37:in `block in synchronize'
2014-10-06T01:28:06.186Z 4070 TID-i9j6s ERROR: /home/sami/.rvm/gems/ruby-2.0.0-p481/gems/redis-3.1.0/lib/redis/client.rb:197:in `block in process'
2014-10-06T01:28:06.186Z 4474 TID-j38lo ERROR: /home/sami/.rvm/gems/ruby-2.0.0-p481/gems/redis-3.1.0/lib/redis.rb:1059:in `block in _bpop'
2014-10-06T01:28:06.186Z 11159 TID-i8b3k ERROR: /home/sami/.rvm/rubies/ruby-2.0.0-p481/lib/ruby/2.0.0/monitor.rb:211:in `mon_synchronize'
2014-10-06T01:28:06.186Z 4474 TID-j38lo ERROR: /home/sami/.rvm/gems/ruby-2.0.0-p481/gems/redis-3.1.0/lib/redis.rb:37:in `block in synchronize'
2014-10-06T01:28:06.186Z 11159 TID-i8b3k ERROR: /home/sami/.rvm/gems/ruby-2.0.0-p481/gems/redis-3.1.0/lib/redis.rb:37:in `synchronize'
2014-10-06T01:28:06.186Z 4070 TID-i9j6s ERROR: /home/sami/.rvm/gems/ruby-2.0.0-p481/gems/redis-3.1.0/lib/redis/client.rb:279:in `logging'
2014-10-06T01:28:06.186Z 4474 TID-j38lo ERROR: /home/sami/.rvm/rubies/ruby-2.0.0-p481/lib/ruby/2.0.0/monitor.rb:211:in `mon_synchronize'
2014-10-06T01:28:06.186Z 11159 TID-i8b3k ERROR: /home/sami/.rvm/gems/ruby-2.0.0-p481/gems/redis-3.1.0/lib/redis.rb:1056:in `_bpop'
2014-10-06T01:28:06.186Z 4474 TID-j38lo ERROR: /home/sami/.rvm/gems/ruby-2.0.0-p481/gems/redis-3.1.0/lib/redis.rb:37:in `synchronize'
2014-10-06T01:28:06.186Z 11159 TID-i8b3k ERROR: /home/sami/.rvm/gems/ruby-2.0.0-p481/gems/redis-3.1.0/lib/redis.rb:1101:in `brpop'
2014-10-06T01:28:06.186Z 4070 TID-i9j6s ERROR: /home/sami/.rvm/gems/ruby-2.0.0-p481/gems/redis-3.1.0/lib/redis/client.rb:196:in `process'
2014-10-06T01:28:06.187Z 4474 TID-j38lo ERROR: /home/sami/.rvm/gems/ruby-2.0.0-p481/gems/redis-3.1.0/lib/redis.rb:1056:in `_bpop'
2014-10-06T01:28:06.187Z 11159 TID-i8b3k ERROR: /home/sami/.rvm/gems/ruby-2.0.0-p481/gems/sidekiq-3.2.5/lib/sidekiq/fetch.rb:102:in `block in retrieve_work'
2014-10-06T01:28:06.187Z 4474 TID-j38lo ERROR: /home/sami/.rvm/gems/ruby-2.0.0-p481/gems/redis-3.1.0/lib/redis.rb:1101:in `brpop'
2014-10-06T01:28:06.187Z 11159 TID-i8b3k ERROR: /home/sami/.rvm/gems/ruby-2.0.0-p481/gems/connection_pool-2.0.0/lib/connection_pool.rb:58:in `with'
2014-10-06T01:28:06.187Z 4070 TID-i9j6s ERROR: /home/sami/.rvm/gems/ruby-2.0.0-p481/gems/redis-3.1.0/lib/redis/client.rb:102:in `call'
2014-10-06T01:28:06.187Z 4474 TID-j38lo ERROR: /home/sami/.rvm/gems/ruby-2.0.0-p481/gems/sidekiq-3.2.5/lib/sidekiq/fetch.rb:102:in `block in retrieve_work'
2014-10-06T01:28:06.187Z 11159 TID-i8b3k ERROR: /home/sami/.rvm/gems/ruby-2.0.0-p481/gems/sidekiq-3.2.5/lib/sidekiq.rb:72:in `redis'
2014-10-06T01:28:06.187Z 4474 TID-j38lo ERROR: /home/sami/.rvm/gems/ruby-2.0.0-p481/gems/connection_pool-2.0.0/lib/connection_pool.rb:58:in `with'
2014-10-06T01:28:06.187Z 11159 TID-i8b3k ERROR: /home/sami/.rvm/gems/ruby-2.0.0-p481/gems/sidekiq-3.2.5/lib/sidekiq/fetch.rb:102:in `retrieve_work'
2014-10-06T01:28:06.187Z 4070 TID-i9j6s ERROR: /home/sami/.rvm/gems/ruby-2.0.0-p481/gems/redis-3.1.0/lib/redis/client.rb:185:in `block in call_with_timeout'
2014-10-06T01:28:06.187Z 4474 TID-j38lo ERROR: /home/sami/.rvm/gems/ruby-2.0.0-p481/gems/sidekiq-3.2.5/lib/sidekiq.rb:72:in `redis'
2014-10-06T01:28:06.187Z 11159 TID-i8b3k ERROR: /home/sami/.rvm/gems/ruby-2.0.0-p481/gems/sidekiq-3.2.5/lib/sidekiq/fetch.rb:37:in `block in fetch'
2014-10-06T01:28:06.187Z 4474 TID-j38lo ERROR: /home/sami/.rvm/gems/ruby-2.0.0-p481/gems/sidekiq-3.2.5/lib/sidekiq/fetch.rb:102:in `retrieve_work'
2014-10-06T01:28:06.187Z 11159 TID-i8b3k ERROR: /home/sami/.rvm/gems/ruby-2.0.0-p481/gems/sidekiq-3.2.5/lib/sidekiq/util.rb:15:in `watchdog'
2014-10-06T01:28:06.187Z 4070 TID-i9j6s ERROR: /home/sami/.rvm/gems/ruby-2.0.0-p481/gems/redis-3.1.0/lib/redis/client.rb:253:in `with_socket_timeout'
2014-10-06T01:28:06.187Z 4474 TID-j38lo ERROR: /home/sami/.rvm/gems/ruby-2.0.0-p481/gems/sidekiq-3.2.5/lib/sidekiq/fetch.rb:37:in `block in fetch'
2014-10-06T01:28:06.187Z 11159 TID-i8b3k ERROR: /home/sami/.rvm/gems/ruby-2.0.0-p481/gems/sidekiq-3.2.5/lib/sidekiq/fetch.rb:33:in `fetch'
2014-10-06T01:28:06.187Z 4474 TID-j38lo ERROR: /home/sami/.rvm/gems/ruby-2.0.0-p481/gems/sidekiq-3.2.5/lib/sidekiq/util.rb:15:in `watchdog'
2014-10-06T01:28:06.187Z 11159 TID-i8b3k ERROR: /home/sami/.rvm/gems/ruby-2.0.0-p481/gems/sidekiq-3.2.5/lib/sidekiq/fetch.rb:44:in `block (2 levels) in fetch'
2014-10-06T01:28:06.187Z 4070 TID-i9j6s ERROR: /home/sami/.rvm/gems/ruby-2.0.0-p481/gems/redis-3.1.0/lib/redis/client.rb:184:in `call_with_timeout'
2014-10-06T01:28:06.187Z 4474 TID-j38lo ERROR: /home/sami/.rvm/gems/ruby-2.0.0-p481/gems/sidekiq-3.2.5/lib/sidekiq/fetch.rb:33:in `fetch'
2014-10-06T01:28:06.187Z 11159 TID-i8b3k ERROR: /home/sami/.rvm/gems/ruby-2.0.0-p481/gems/celluloid-0.15.2/lib/celluloid/actor.rb:416:in `block in task'
2014-10-06T01:28:06.187Z 4474 TID-j38lo ERROR: /home/sami/.rvm/gems/ruby-2.0.0-p481/gems/sidekiq-3.2.5/lib/sidekiq/fetch.rb:44:in `block (2 levels) in fetch'
2014-10-06T01:28:06.187Z 11159 TID-i8b3k ERROR: /home/sami/.rvm/gems/ruby-2.0.0-p481/gems/celluloid-0.15.2/lib/celluloid/tasks.rb:55:in `block in initialize'
2014-10-06T01:28:06.187Z 4070 TID-i9j6s ERROR: /home/sami/.rvm/gems/ruby-2.0.0-p481/gems/redis-3.1.0/lib/redis.rb:1059:in `block in _bpop'
2014-10-06T01:28:06.187Z 11159 TID-i8b3k ERROR: /home/sami/.rvm/gems/ruby-2.0.0-p481/gems/celluloid-0.15.2/lib/celluloid/tasks/task_fiber.rb:13:in `block in create'
2014-10-06T01:28:06.187Z 4474 TID-j38lo ERROR: /home/sami/.rvm/gems/ruby-2.0.0-p481/gems/celluloid-0.15.2/lib/celluloid/actor.rb:416:in `block in task'
2014-10-06T01:28:06.187Z 4070 TID-i9j6s ERROR: /home/sami/.rvm/gems/ruby-2.0.0-p481/gems/redis-3.1.0/lib/redis.rb:37:in `block in synchronize'
2014-10-06T01:28:06.187Z 4474 TID-j38lo ERROR: /home/sami/.rvm/gems/ruby-2.0.0-p481/gems/celluloid-0.15.2/lib/celluloid/tasks.rb:55:in `block in initialize'
2014-10-06T01:28:06.187Z 4474 TID-j38lo ERROR: /home/sami/.rvm/gems/ruby-2.0.0-p481/gems/celluloid-0.15.2/lib/celluloid/tasks/task_fiber.rb:13:in `block in create'
2014-10-06T01:28:06.187Z 4070 TID-i9j6s ERROR: /home/sami/.rvm/rubies/ruby-2.0.0-p481/lib/ruby/2.0.0/monitor.rb:211:in `mon_synchronize'
2014-10-06T01:28:06.187Z 4070 TID-i9j6s ERROR: /home/sami/.rvm/gems/ruby-2.0.0-p481/gems/redis-3.1.0/lib/redis.rb:37:in `synchronize'
2014-10-06T01:28:06.187Z 4070 TID-i9j6s ERROR: /home/sami/.rvm/gems/ruby-2.0.0-p481/gems/redis-3.1.0/lib/redis.rb:1056:in `_bpop'
2014-10-06T01:28:06.187Z 4070 TID-i9j6s ERROR: /home/sami/.rvm/gems/ruby-2.0.0-p481/gems/redis-3.1.0/lib/redis.rb:1101:in `brpop'
2014-10-06T01:28:06.187Z 4070 TID-i9j6s ERROR: /home/sami/.rvm/gems/ruby-2.0.0-p481/gems/sidekiq-3.2.5/lib/sidekiq/fetch.rb:102:in `block in retrieve_work'
2014-10-06T01:28:06.187Z 4070 TID-i9j6s ERROR: /home/sami/.rvm/gems/ruby-2.0.0-p481/gems/connection_pool-2.0.0/lib/connection_pool.rb:58:in `with'
2014-10-06T01:28:06.188Z 4070 TID-i9j6s ERROR: /home/sami/.rvm/gems/ruby-2.0.0-p481/gems/sidekiq-3.2.5/lib/sidekiq.rb:72:in `redis'
2014-10-06T01:28:06.188Z 4070 TID-i9j6s ERROR: /home/sami/.rvm/gems/ruby-2.0.0-p481/gems/sidekiq-3.2.5/lib/sidekiq/fetch.rb:102:in `retrieve_work'
2014-10-06T01:28:06.188Z 4070 TID-i9j6s ERROR: /home/sami/.rvm/gems/ruby-2.0.0-p481/gems/sidekiq-3.2.5/lib/sidekiq/fetch.rb:37:in `block in fetch'
2014-10-06T01:28:06.188Z 4070 TID-i9j6s ERROR: /home/sami/.rvm/gems/ruby-2.0.0-p481/gems/sidekiq-3.2.5/lib/sidekiq/util.rb:15:in `watchdog'
2014-10-06T01:28:06.188Z 4070 TID-i9j6s ERROR: /home/sami/.rvm/gems/ruby-2.0.0-p481/gems/sidekiq-3.2.5/lib/sidekiq/fetch.rb:33:in `fetch'
2014-10-06T01:28:06.188Z 4070 TID-i9j6s ERROR: /home/sami/.rvm/gems/ruby-2.0.0-p481/gems/sidekiq-3.2.5/lib/sidekiq/fetch.rb:44:in `block (2 levels) in fetch'
2014-10-06T01:28:06.188Z 4070 TID-i9j6s ERROR: /home/sami/.rvm/gems/ruby-2.0.0-p481/gems/celluloid-0.15.2/lib/celluloid/actor.rb:416:in `block in task'
2014-10-06T01:28:06.188Z 4070 TID-i9j6s ERROR: /home/sami/.rvm/gems/ruby-2.0.0-p481/gems/celluloid-0.15.2/lib/celluloid/tasks.rb:55:in `block in initialize'
2014-10-06T01:28:06.188Z 4070 TID-i9j6s ERROR: /home/sami/.rvm/gems/ruby-2.0.0-p481/gems/celluloid-0.15.2/lib/celluloid/tasks/task_fiber.rb:13:in `block in create'
2014-10-06T01:28:06.220Z 11159 TID-itaks ERROR: heartbeat: Error connecting to Redis on 127.0.0.1:6379 (ECONNREFUSED)
2014-10-06T01:28:06.223Z 4474 TID-jolfg ERROR: heartbeat: Error connecting to Redis on 127.0.0.1:6379 (ECONNREFUSED)
2014-10-06T01:28:07.487Z 4070 TID-4yk5w INFO: Shutting down
2014-10-06T01:28:07.487Z 11159 TID-4xi8c INFO: Shutting down
2014-10-06T01:28:07.488Z 4474 TID-5sl1k INFO: Shutting down
2014-10-06T01:28:07.488Z 11159 TID-itaks INFO: Shutting down 25 quiet workers
2014-10-06T01:28:07.489Z 4070 TID-iukpw INFO: Shutting down 25 quiet workers
2014-10-06T01:28:07.490Z 4474 TID-jolfg INFO: Shutting down 25 quiet workers
2014-10-06T01:28:07.528Z 11159 TID-it4wc WARN: {:context=>"Launcher#stop"}
2014-10-06T01:28:07.528Z 11159 TID-it4wc WARN: Error connecting to Redis on 127.0.0.1:6379 (ECONNREFUSED)
2014-10-06T01:28:07.528Z 11159 TID-it4wc WARN: /home/sami/.rvm/gems/ruby-2.0.0-p481/gems/redis-3.1.0/lib/redis/client.rb:309:in `rescue in establish_connection'
/home/sami/.rvm/gems/ruby-2.0.0-p481/gems/redis-3.1.0/lib/redis/client.rb:304:in `establish_connection'
/home/sami/.rvm/gems/ruby-2.0.0-p481/gems/redis-3.1.0/lib/redis/client.rb:85:in `block in connect'
/home/sami/.rvm/gems/ruby-2.0.0-p481/gems/redis-3.1.0/lib/redis/client.rb:266:in `with_reconnect'
/home/sami/.rvm/gems/ruby-2.0.0-p481/gems/redis-3.1.0/lib/redis/client.rb:84:in `connect'
/home/sami/.rvm/gems/ruby-2.0.0-p481/gems/redis-3.1.0/lib/redis/client.rb:326:in `ensure_connected'
/home/sami/.rvm/gems/ruby-2.0.0-p481/gems/redis-3.1.0/lib/redis/client.rb:197:in `block in process'
/home/sami/.rvm/gems/ruby-2.0.0-p481/gems/redis-3.1.0/lib/redis/client.rb:279:in `logging'
/home/sami/.rvm/gems/ruby-2.0.0-p481/gems/redis-3.1.0/lib/redis/client.rb:196:in `process'
/home/sami/.rvm/gems/ruby-2.0.0-p481/gems/redis-3.1.0/lib/redis/client.rb:167:in `call_pipelined'
/home/sami/.rvm/gems/ruby-2.0.0-p481/gems/redis-3.1.0/lib/redis/client.rb:139:in `block in call_pipeline'
/home/sami/.rvm/gems/ruby-2.0.0-p481/gems/redis-3.1.0/lib/redis/client.rb:266:in `with_reconnect'
/home/sami/.rvm/gems/ruby-2.0.0-p481/gems/redis-3.1.0/lib/redis/client.rb:137:in `call_pipeline'
/home/sami/.rvm/gems/ruby-2.0.0-p481/gems/redis-3.1.0/lib/redis.rb:2069:in `block in pipelined'
/home/sami/.rvm/gems/ruby-2.0.0-p481/gems/redis-3.1.0/lib/redis.rb:37:in `block in synchronize'
/home/sami/.rvm/rubies/ruby-2.0.0-p481/lib/ruby/2.0.0/monitor.rb:211:in `mon_synchronize'
/home/sami/.rvm/gems/ruby-2.0.0-p481/gems/redis-3.1.0/lib/redis.rb:37:in `synchronize'
/home/sami/.rvm/gems/ruby-2.0.0-p481/gems/redis-3.1.0/lib/redis.rb:2065:in `pipelined'
/home/sami/.rvm/gems/ruby-2.0.0-p481/gems/sidekiq-3.2.5/lib/sidekiq/launcher.rb:82:in `block in stop_heartbeat'
/home/sami/.rvm/gems/ruby-2.0.0-p481/gems/connection_pool-2.0.0/lib/connection_pool.rb:58:in `with'
/home/sami/.rvm/gems/ruby-2.0.0-p481/gems/sidekiq-3.2.5/lib/sidekiq.rb:72:in `redis'
/home/sami/.rvm/gems/ruby-2.0.0-p481/gems/sidekiq-3.2.5/lib/sidekiq/launcher.rb:81:in `stop_heartbeat'
/home/sami/.rvm/gems/ruby-2.0.0-p481/gems/sidekiq-3.2.5/lib/sidekiq/launcher.rb:57:in `block in stop'
/home/sami/.rvm/gems/ruby-2.0.0-p481/gems/sidekiq-3.2.5/lib/sidekiq/util.rb:15:in `watchdog'
/home/sami/.rvm/gems/ruby-2.0.0-p481/gems/sidekiq-3.2.5/lib/sidekiq/launcher.rb:45:in `stop'
/home/sami/.rvm/gems/ruby-2.0.0-p481/gems/celluloid-0.15.2/lib/celluloid/calls.rb:25:in `public_send'
/home/sami/.rvm/gems/ruby-2.0.0-p481/gems/celluloid-0.15.2/lib/celluloid/calls.rb:25:in `dispatch'
/home/sami/.rvm/gems/ruby-2.0.0-p481/gems/celluloid-0.15.2/lib/celluloid/calls.rb:67:in `dispatch'
/home/sami/.rvm/gems/ruby-2.0.0-p481/gems/celluloid-0.15.2/lib/celluloid/actor.rb:322:in `block in handle_message'
/home/sami/.rvm/gems/ruby-2.0.0-p481/gems/celluloid-0.15.2/lib/celluloid/actor.rb:416:in `block in task'
/home/sami/.rvm/gems/ruby-2.0.0-p481/gems/celluloid-0.15.2/lib/celluloid/tasks.rb:55:in `block in initialize'
/home/sami/.rvm/gems/ruby-2.0.0-p481/gems/celluloid-0.15.2/lib/celluloid/tasks/task_fiber.rb:13:in `block in create'
Error connecting to Redis on 127.0.0.1:6379 (ECONNREFUSED)
/home/sami/.rvm/gems/ruby-2.0.0-p481/gems/redis-3.1.0/lib/redis/client.rb:309:in `rescue in establish_connection'
/home/sami/.rvm/gems/ruby-2.0.0-p481/gems/redis-3.1.0/lib/redis/client.rb:304:in `establish_connection'
/home/sami/.rvm/gems/ruby-2.0.0-p481/gems/redis-3.1.0/lib/redis/client.rb:85:in `block in connect'
/home/sami/.rvm/gems/ruby-2.0.0-p481/gems/redis-3.1.0/lib/redis/client.rb:266:in `with_reconnect'
/home/sami/.rvm/gems/ruby-2.0.0-p481/gems/redis-3.1.0/lib/redis/client.rb:84:in `connect'
/home/sami/.rvm/gems/ruby-2.0.0-p481/gems/redis-3.1.0/lib/redis/client.rb:326:in `ensure_connected'
/home/sami/.rvm/gems/ruby-2.0.0-p481/gems/redis-3.1.0/lib/redis/client.rb:197:in `block in process'
/home/sami/.rvm/gems/ruby-2.0.0-p481/gems/redis-3.1.0/lib/redis/client.rb:279:in `logging'
/home/sami/.rvm/gems/ruby-2.0.0-p481/gems/redis-3.1.0/lib/redis/client.rb:196:in `process'
/home/sami/.rvm/gems/ruby-2.0.0-p481/gems/redis-3.1.0/lib/redis/client.rb:167:in `call_pipelined'
/home/sami/.rvm/gems/ruby-2.0.0-p481/gems/redis-3.1.0/lib/redis/client.rb:139:in `block in call_pipeline'
/home/sami/.rvm/gems/ruby-2.0.0-p481/gems/redis-3.1.0/lib/redis/client.rb:266:in `with_reconnect'
/home/sami/.rvm/gems/ruby-2.0.0-p481/gems/redis-3.1.0/lib/redis/client.rb:137:in `call_pipeline'
/home/sami/.rvm/gems/ruby-2.0.0-p481/gems/redis-3.1.0/lib/redis.rb:2069:in `block in pipelined'
/home/sami/.rvm/gems/ruby-2.0.0-p481/gems/redis-3.1.0/lib/redis.rb:37:in `block in synchronize'
/home/sami/.rvm/rubies/ruby-2.0.0-p481/lib/ruby/2.0.0/monitor.rb:211:in `mon_synchronize'
/home/sami/.rvm/gems/ruby-2.0.0-p481/gems/redis-3.1.0/lib/redis.rb:37:in `synchronize'
/home/sami/.rvm/gems/ruby-2.0.0-p481/gems/redis-3.1.0/lib/redis.rb:2065:in `pipelined'
/home/sami/.rvm/gems/ruby-2.0.0-p481/gems/sidekiq-3.2.5/lib/sidekiq/launcher.rb:82:in `block in stop_heartbeat'
/home/sami/.rvm/gems/ruby-2.0.0-p481/gems/connection_pool-2.0.0/lib/connection_pool.rb:58:in `with'
/home/sami/.rvm/gems/ruby-2.0.0-p481/gems/sidekiq-3.2.5/lib/sidekiq.rb:72:in `redis'
/home/sami/.rvm/gems/ruby-2.0.0-p481/gems/sidekiq-3.2.5/lib/sidekiq/launcher.rb:81:in `stop_heartbeat'
/home/sami/.rvm/gems/ruby-2.0.0-p481/gems/sidekiq-3.2.5/lib/sidekiq/launcher.rb:57:in `block in stop'
/home/sami/.rvm/gems/ruby-2.0.0-p481/gems/sidekiq-3.2.5/lib/sidekiq/util.rb:15:in `watchdog'
/home/sami/.rvm/gems/ruby-2.0.0-p481/gems/sidekiq-3.2.5/lib/sidekiq/launcher.rb:45:in `stop'
/home/sami/.rvm/gems/ruby-2.0.0-p481/gems/celluloid-0.15.2/lib/celluloid/calls.rb:25:in `public_send'
/home/sami/.rvm/gems/ruby-2.0.0-p481/gems/celluloid-0.15.2/lib/celluloid/calls.rb:25:in `dispatch'
/home/sami/.rvm/gems/ruby-2.0.0-p481/gems/celluloid-0.15.2/lib/celluloid/calls.rb:67:in `dispatch'
/home/sami/.rvm/gems/ruby-2.0.0-p481/gems/celluloid-0.15.2/lib/celluloid/actor.rb:322:in `block in handle_message'
/home/sami/.rvm/gems/ruby-2.0.0-p481/gems/celluloid-0.15.2/lib/celluloid/actor.rb:416:in `block in task'
/home/sami/.rvm/gems/ruby-2.0.0-p481/gems/celluloid-0.15.2/lib/celluloid/tasks.rb:55:in `block in initialize'
/home/sami/.rvm/gems/ruby-2.0.0-p481/gems/celluloid-0.15.2/lib/celluloid/tasks/task_fiber.rb:13:in `block in create'
(celluloid):0:in `remote procedure call'
/home/sami/.rvm/gems/ruby-2.0.0-p481/gems/celluloid-0.15.2/lib/celluloid/calls.rb:92:in `value'
/home/sami/.rvm/gems/ruby-2.0.0-p481/gems/celluloid-0.15.2/lib/celluloid/proxies/sync_proxy.rb:33:in `method_missing'
/home/sami/.rvm/gems/ruby-2.0.0-p481/gems/sidekiq-3.2.5/lib/sidekiq/cli.rb:86:in `rescue in run'
/home/sami/.rvm/gems/ruby-2.0.0-p481/gems/sidekiq-3.2.5/lib/sidekiq/cli.rb:77:in `run'
/home/sami/.rvm/gems/ruby-2.0.0-p481/gems/sidekiq-3.2.5/bin/sidekiq:8:in `<top (required)>'
/home/sami/.rvm/gems/ruby-2.0.0-p481/bin/sidekiq:23:in `load'
/home/sami/.rvm/gems/ruby-2.0.0-p481/bin/sidekiq:23:in `<main>'
/home/sami/.rvm/gems/ruby-2.0.0-p481/bin/ruby_executable_hooks:15:in `eval'
/home/sami/.rvm/gems/ruby-2.0.0-p481/bin/ruby_executable_hooks:15:in `<main>'
2014-10-06T01:28:07.544Z 4474 TID-jofwk WARN: {:context=>"Launcher#stop"}
2014-10-06T01:28:07.544Z 4474 TID-jofwk WARN: Error connecting to Redis on 127.0.0.1:6379 (ECONNREFUSED)
2014-10-06T01:28:07.544Z 4474 TID-jofwk WARN: /home/sami/.rvm/gems/ruby-2.0.0-p481/gems/redis-3.1.0/lib/redis/client.rb:309:in `rescue in establish_connection'
/home/sami/.rvm/gems/ruby-2.0.0-p481/gems/redis-3.1.0/lib/redis/client.rb:304:in `establish_connection'
/home/sami/.rvm/gems/ruby-2.0.0-p481/gems/redis-3.1.0/lib/redis/client.rb:85:in `block in connect'
/home/sami/.rvm/gems/ruby-2.0.0-p481/gems/redis-3.1.0/lib/redis/client.rb:266:in `with_reconnect'
/home/sami/.rvm/gems/ruby-2.0.0-p481/gems/redis-3.1.0/lib/redis/client.rb:84:in `connect'
/home/sami/.rvm/gems/ruby-2.0.0-p481/gems/redis-3.1.0/lib/redis/client.rb:326:in `ensure_connected'
/home/sami/.rvm/gems/ruby-2.0.0-p481/gems/redis-3.1.0/lib/redis/client.rb:197:in `block in process'
/home/sami/.rvm/gems/ruby-2.0.0-p481/gems/redis-3.1.0/lib/redis/client.rb:279:in `logging'
/home/sami/.rvm/gems/ruby-2.0.0-p481/gems/redis-3.1.0/lib/redis/client.rb:196:in `process'
/home/sami/.rvm/gems/ruby-2.0.0-p481/gems/redis-3.1.0/lib/redis/client.rb:167:in `call_pipelined'
/home/sami/.rvm/gems/ruby-2.0.0-p481/gems/redis-3.1.0/lib/redis/client.rb:139:in `block in call_pipeline'
/home/sami/.rvm/gems/ruby-2.0.0-p481/gems/redis-3.1.0/lib/redis/client.rb:266:in `with_reconnect'
/home/sami/.rvm/gems/ruby-2.0.0-p481/gems/redis-3.1.0/lib/redis/client.rb:137:in `call_pipeline'
/home/sami/.rvm/gems/ruby-2.0.0-p481/gems/redis-3.1.0/lib/redis.rb:2069:in `block in pipelined'
/home/sami/.rvm/gems/ruby-2.0.0-p481/gems/redis-3.1.0/lib/redis.rb:37:in `block in synchronize'
/home/sami/.rvm/rubies/ruby-2.0.0-p481/lib/ruby/2.0.0/monitor.rb:211:in `mon_synchronize'
/home/sami/.rvm/gems/ruby-2.0.0-p481/gems/redis-3.1.0/lib/redis.rb:37:in `synchronize'
/home/sami/.rvm/gems/ruby-2.0.0-p481/gems/redis-3.1.0/lib/redis.rb:2065:in `pipelined'
/home/sami/.rvm/gems/ruby-2.0.0-p481/gems/sidekiq-3.2.5/lib/sidekiq/launcher.rb:82:in `block in stop_heartbeat'
/home/sami/.rvm/gems/ruby-2.0.0-p481/gems/connection_pool-2.0.0/lib/connection_pool.rb:58:in `with'
/home/sami/.rvm/gems/ruby-2.0.0-p481/gems/sidekiq-3.2.5/lib/sidekiq.rb:72:in `redis'
/home/sami/.rvm/gems/ruby-2.0.0-p481/gems/sidekiq-3.2.5/lib/sidekiq/launcher.rb:81:in `stop_heartbeat'
/home/sami/.rvm/gems/ruby-2.0.0-p481/gems/sidekiq-3.2.5/lib/sidekiq/launcher.rb:57:in `block in stop'
/home/sami/.rvm/gems/ruby-2.0.0-p481/gems/sidekiq-3.2.5/lib/sidekiq/util.rb:15:in `watchdog'
/home/sami/.rvm/gems/ruby-2.0.0-p481/gems/sidekiq-3.2.5/lib/sidekiq/launcher.rb:45:in `stop'
/home/sami/.rvm/gems/ruby-2.0.0-p481/gems/celluloid-0.15.2/lib/celluloid/calls.rb:25:in `public_send'
/home/sami/.rvm/gems/ruby-2.0.0-p481/gems/celluloid-0.15.2/lib/celluloid/calls.rb:25:in `dispatch'
/home/sami/.rvm/gems/ruby-2.0.0-p481/gems/celluloid-0.15.2/lib/celluloid/calls.rb:67:in `dispatch'
/home/sami/.rvm/gems/ruby-2.0.0-p481/gems/celluloid-0.15.2/lib/celluloid/actor.rb:322:in `block in handle_message'
/home/sami/.rvm/gems/ruby-2.0.0-p481/gems/celluloid-0.15.2/lib/celluloid/actor.rb:416:in `block in task'
/home/sami/.rvm/gems/ruby-2.0.0-p481/gems/celluloid-0.15.2/lib/celluloid/tasks.rb:55:in `block in initialize'
/home/sami/.rvm/gems/ruby-2.0.0-p481/gems/celluloid-0.15.2/lib/celluloid/tasks/task_fiber.rb:13:in `block in create'
Error connecting to Redis on 127.0.0.1:6379 (ECONNREFUSED)
/home/sami/.rvm/gems/ruby-2.0.0-p481/gems/redis-3.1.0/lib/redis/client.rb:309:in `rescue in establish_connection'
/home/sami/.rvm/gems/ruby-2.0.0-p481/gems/redis-3.1.0/lib/redis/client.rb:304:in `establish_connection'
/home/sami/.rvm/gems/ruby-2.0.0-p481/gems/redis-3.1.0/lib/redis/client.rb:85:in `block in connect'
/home/sami/.rvm/gems/ruby-2.0.0-p481/gems/redis-3.1.0/lib/redis/client.rb:266:in `with_reconnect'
/home/sami/.rvm/gems/ruby-2.0.0-p481/gems/redis-3.1.0/lib/redis/client.rb:84:in `connect'
/home/sami/.rvm/gems/ruby-2.0.0-p481/gems/redis-3.1.0/lib/redis/client.rb:326:in `ensure_connected'
/home/sami/.rvm/gems/ruby-2.0.0-p481/gems/redis-3.1.0/lib/redis/client.rb:197:in `block in process'
/home/sami/.rvm/gems/ruby-2.0.0-p481/gems/redis-3.1.0/lib/redis/client.rb:279:in `logging'
/home/sami/.rvm/gems/ruby-2.0.0-p481/gems/redis-3.1.0/lib/redis/client.rb:196:in `process'
/home/sami/.rvm/gems/ruby-2.0.0-p481/gems/redis-3.1.0/lib/redis/client.rb:167:in `call_pipelined'
/home/sami/.rvm/gems/ruby-2.0.0-p481/gems/redis-3.1.0/lib/redis/client.rb:139:in `block in call_pipeline'
/home/sami/.rvm/gems/ruby-2.0.0-p481/gems/redis-3.1.0/lib/redis/client.rb:266:in `with_reconnect'
/home/sami/.rvm/gems/ruby-2.0.0-p481/gems/redis-3.1.0/lib/redis/client.rb:137:in `call_pipeline'
/home/sami/.rvm/gems/ruby-2.0.0-p481/gems/redis-3.1.0/lib/redis.rb:2069:in `block in pipelined'
/home/sami/.rvm/gems/ruby-2.0.0-p481/gems/redis-3.1.0/lib/redis.rb:37:in `block in synchronize'
/home/sami/.rvm/rubies/ruby-2.0.0-p481/lib/ruby/2.0.0/monitor.rb:211:in `mon_synchronize'
/home/sami/.rvm/gems/ruby-2.0.0-p481/gems/redis-3.1.0/lib/redis.rb:37:in `synchronize'
/home/sami/.rvm/gems/ruby-2.0.0-p481/gems/redis-3.1.0/lib/redis.rb:2065:in `pipelined'
/home/sami/.rvm/gems/ruby-2.0.0-p481/gems/sidekiq-3.2.5/lib/sidekiq/launcher.rb:82:in `block in stop_heartbeat'
/home/sami/.rvm/gems/ruby-2.0.0-p481/gems/connection_pool-2.0.0/lib/connection_pool.rb:58:in `with'
/home/sami/.rvm/gems/ruby-2.0.0-p481/gems/sidekiq-3.2.5/lib/sidekiq.rb:72:in `redis'
/home/sami/.rvm/gems/ruby-2.0.0-p481/gems/sidekiq-3.2.5/lib/sidekiq/launcher.rb:81:in `stop_heartbeat'
/home/sami/.rvm/gems/ruby-2.0.0-p481/gems/sidekiq-3.2.5/lib/sidekiq/launcher.rb:57:in `block in stop'
/home/sami/.rvm/gems/ruby-2.0.0-p481/gems/sidekiq-3.2.5/lib/sidekiq/util.rb:15:in `watchdog'
/home/sami/.rvm/gems/ruby-2.0.0-p481/gems/sidekiq-3.2.5/lib/sidekiq/launcher.rb:45:in `stop'
/home/sami/.rvm/gems/ruby-2.0.0-p481/gems/celluloid-0.15.2/lib/celluloid/calls.rb:25:in `public_send'
/home/sami/.rvm/gems/ruby-2.0.0-p481/gems/celluloid-0.15.2/lib/celluloid/calls.rb:25:in `dispatch'
/home/sami/.rvm/gems/ruby-2.0.0-p481/gems/celluloid-0.15.2/lib/celluloid/calls.rb:67:in `dispatch'
/home/sami/.rvm/gems/ruby-2.0.0-p481/gems/celluloid-0.15.2/lib/celluloid/actor.rb:322:in `block in handle_message'
/home/sami/.rvm/gems/ruby-2.0.0-p481/gems/celluloid-0.15.2/lib/celluloid/actor.rb:416:in `block in task'
/home/sami/.rvm/gems/ruby-2.0.0-p481/gems/celluloid-0.15.2/lib/celluloid/tasks.rb:55:in `block in initialize'
/home/sami/.rvm/gems/ruby-2.0.0-p481/gems/celluloid-0.15.2/lib/celluloid/tasks/task_fiber.rb:13:in `block in create'
(celluloid):0:in `remote procedure call'
/home/sami/.rvm/gems/ruby-2.0.0-p481/gems/celluloid-0.15.2/lib/celluloid/calls.rb:92:in `value'
/home/sami/.rvm/gems/ruby-2.0.0-p481/gems/celluloid-0.15.2/lib/celluloid/proxies/sync_proxy.rb:33:in `method_missing'
/home/sami/.rvm/gems/ruby-2.0.0-p481/gems/sidekiq-3.2.5/lib/sidekiq/cli.rb:86:in `rescue in run'
/home/sami/.rvm/gems/ruby-2.0.0-p481/gems/sidekiq-3.2.5/lib/sidekiq/cli.rb:77:in `run'
/home/sami/.rvm/gems/ruby-2.0.0-p481/gems/sidekiq-3.2.5/bin/sidekiq:8:in `<top (required)>'
/home/sami/.rvm/gems/ruby-2.0.0-p481/bin/sidekiq:23:in `load'
/home/sami/.rvm/gems/ruby-2.0.0-p481/bin/sidekiq:23:in `<main>'
/home/sami/.rvm/gems/ruby-2.0.0-p481/bin/ruby_executable_hooks:15:in `eval'
/home/sami/.rvm/gems/ruby-2.0.0-p481/bin/ruby_executable_hooks:15:in `<main>'
2014-10-06T01:28:07.545Z 4070 TID-iuf70 WARN: {:context=>"Launcher#stop"}
2014-10-06T01:28:07.545Z 4070 TID-iuf70 WARN: Error connecting to Redis on 127.0.0.1:6379 (ECONNREFUSED)
2014-10-06T01:28:07.545Z 4070 TID-iuf70 WARN: /home/sami/.rvm/gems/ruby-2.0.0-p481/gems/redis-3.1.0/lib/redis/client.rb:309:in `rescue in establish_connection'
/home/sami/.rvm/gems/ruby-2.0.0-p481/gems/redis-3.1.0/lib/redis/client.rb:304:in `establish_connection'
/home/sami/.rvm/gems/ruby-2.0.0-p481/gems/redis-3.1.0/lib/redis/client.rb:85:in `block in connect'
/home/sami/.rvm/gems/ruby-2.0.0-p481/gems/redis-3.1.0/lib/redis/client.rb:266:in `with_reconnect'
/home/sami/.rvm/gems/ruby-2.0.0-p481/gems/redis-3.1.0/lib/redis/client.rb:84:in `connect'
/home/sami/.rvm/gems/ruby-2.0.0-p481/gems/redis-3.1.0/lib/redis/client.rb:326:in `ensure_connected'
/home/sami/.rvm/gems/ruby-2.0.0-p481/gems/redis-3.1.0/lib/redis/client.rb:197:in `block in process'
/home/sami/.rvm/gems/ruby-2.0.0-p481/gems/redis-3.1.0/lib/redis/client.rb:279:in `logging'
/home/sami/.rvm/gems/ruby-2.0.0-p481/gems/redis-3.1.0/lib/redis/client.rb:196:in `process'
/home/sami/.rvm/gems/ruby-2.0.0-p481/gems/redis-3.1.0/lib/redis/client.rb:167:in `call_pipelined'
/home/sami/.rvm/gems/ruby-2.0.0-p481/gems/redis-3.1.0/lib/redis/client.rb:139:in `block in call_pipeline'
/home/sami/.rvm/gems/ruby-2.0.0-p481/gems/redis-3.1.0/lib/redis/client.rb:266:in `with_reconnect'
/home/sami/.rvm/gems/ruby-2.0.0-p481/gems/redis-3.1.0/lib/redis/client.rb:137:in `call_pipeline'
/home/sami/.rvm/gems/ruby-2.0.0-p481/gems/redis-3.1.0/lib/redis.rb:2069:in `block in pipelined'
/home/sami/.rvm/gems/ruby-2.0.0-p481/gems/redis-3.1.0/lib/redis.rb:37:in `block in synchronize'
/home/sami/.rvm/rubies/ruby-2.0.0-p481/lib/ruby/2.0.0/monitor.rb:211:in `mon_synchronize'
/home/sami/.rvm/gems/ruby-2.0.0-p481/gems/redis-3.1.0/lib/redis.rb:37:in `synchronize'
/home/sami/.rvm/gems/ruby-2.0.0-p481/gems/redis-3.1.0/lib/redis.rb:2065:in `pipelined'
/home/sami/.rvm/gems/ruby-2.0.0-p481/gems/sidekiq-3.2.5/lib/sidekiq/launcher.rb:82:in `block in stop_heartbeat'
/home/sami/.rvm/gems/ruby-2.0.0-p481/gems/connection_pool-2.0.0/lib/connection_pool.rb:58:in `with'
/home/sami/.rvm/gems/ruby-2.0.0-p481/gems/sidekiq-3.2.5/lib/sidekiq.rb:72:in `redis'
/home/sami/.rvm/gems/ruby-2.0.0-p481/gems/sidekiq-3.2.5/lib/sidekiq/launcher.rb:81:in `stop_heartbeat'
/home/sami/.rvm/gems/ruby-2.0.0-p481/gems/sidekiq-3.2.5/lib/sidekiq/launcher.rb:57:in `block in stop'
/home/sami/.rvm/gems/ruby-2.0.0-p481/gems/sidekiq-3.2.5/lib/sidekiq/util.rb:15:in `watchdog'
/home/sami/.rvm/gems/ruby-2.0.0-p481/gems/sidekiq-3.2.5/lib/sidekiq/launcher.rb:45:in `stop'
/home/sami/.rvm/gems/ruby-2.0.0-p481/gems/celluloid-0.15.2/lib/celluloid/calls.rb:25:in `public_send'
/home/sami/.rvm/gems/ruby-2.0.0-p481/gems/celluloid-0.15.2/lib/celluloid/calls.rb:25:in `dispatch'
/home/sami/.rvm/gems/ruby-2.0.0-p481/gems/celluloid-0.15.2/lib/celluloid/calls.rb:67:in `dispatch'
/home/sami/.rvm/gems/ruby-2.0.0-p481/gems/celluloid-0.15.2/lib/celluloid/actor.rb:322:in `block in handle_message'
/home/sami/.rvm/gems/ruby-2.0.0-p481/gems/celluloid-0.15.2/lib/celluloid/actor.rb:416:in `block in task'
/home/sami/.rvm/gems/ruby-2.0.0-p481/gems/celluloid-0.15.2/lib/celluloid/tasks.rb:55:in `block in initialize'
/home/sami/.rvm/gems/ruby-2.0.0-p481/gems/celluloid-0.15.2/lib/celluloid/tasks/task_fiber.rb:13:in `block in create'
Error connecting to Redis on 127.0.0.1:6379 (ECONNREFUSED)
/home/sami/.rvm/gems/ruby-2.0.0-p481/gems/redis-3.1.0/lib/redis/client.rb:309:in `rescue in establish_connection'
/home/sami/.rvm/gems/ruby-2.0.0-p481/gems/redis-3.1.0/lib/redis/client.rb:304:in `establish_connection'
/home/sami/.rvm/gems/ruby-2.0.0-p481/gems/redis-3.1.0/lib/redis/client.rb:85:in `block in connect'
/home/sami/.rvm/gems/ruby-2.0.0-p481/gems/redis-3.1.0/lib/redis/client.rb:266:in `with_reconnect'
/home/sami/.rvm/gems/ruby-2.0.0-p481/gems/redis-3.1.0/lib/redis/client.rb:84:in `connect'
/home/sami/.rvm/gems/ruby-2.0.0-p481/gems/redis-3.1.0/lib/redis/client.rb:326:in `ensure_connected'
/home/sami/.rvm/gems/ruby-2.0.0-p481/gems/redis-3.1.0/lib/redis/client.rb:197:in `block in process'
/home/sami/.rvm/gems/ruby-2.0.0-p481/gems/redis-3.1.0/lib/redis/client.rb:279:in `logging'
/home/sami/.rvm/gems/ruby-2.0.0-p481/gems/redis-3.1.0/lib/redis/client.rb:196:in `process'
/home/sami/.rvm/gems/ruby-2.0.0-p481/gems/redis-3.1.0/lib/redis/client.rb:167:in `call_pipelined'
/home/sami/.rvm/gems/ruby-2.0.0-p481/gems/redis-3.1.0/lib/redis/client.rb:139:in `block in call_pipeline'
/home/sami/.rvm/gems/ruby-2.0.0-p481/gems/redis-3.1.0/lib/redis/client.rb:266:in `with_reconnect'
/home/sami/.rvm/gems/ruby-2.0.0-p481/gems/redis-3.1.0/lib/redis/client.rb:137:in `call_pipeline'
/home/sami/.rvm/gems/ruby-2.0.0-p481/gems/redis-3.1.0/lib/redis.rb:2069:in `block in pipelined'
/home/sami/.rvm/gems/ruby-2.0.0-p481/gems/redis-3.1.0/lib/redis.rb:37:in `block in synchronize'
/home/sami/.rvm/rubies/ruby-2.0.0-p481/lib/ruby/2.0.0/monitor.rb:211:in `mon_synchronize'
/home/sami/.rvm/gems/ruby-2.0.0-p481/gems/redis-3.1.0/lib/redis.rb:37:in `synchronize'
/home/sami/.rvm/gems/ruby-2.0.0-p481/gems/redis-3.1.0/lib/redis.rb:2065:in `pipelined'
/home/sami/.rvm/gems/ruby-2.0.0-p481/gems/sidekiq-3.2.5/lib/sidekiq/launcher.rb:82:in `block in stop_heartbeat'
/home/sami/.rvm/gems/ruby-2.0.0-p481/gems/connection_pool-2.0.0/lib/connection_pool.rb:58:in `with'
/home/sami/.rvm/gems/ruby-2.0.0-p481/gems/sidekiq-3.2.5/lib/sidekiq.rb:72:in `redis'
/home/sami/.rvm/gems/ruby-2.0.0-p481/gems/sidekiq-3.2.5/lib/sidekiq/launcher.rb:81:in `stop_heartbeat'
/home/sami/.rvm/gems/ruby-2.0.0-p481/gems/sidekiq-3.2.5/lib/sidekiq/launcher.rb:57:in `block in stop'
/home/sami/.rvm/gems/ruby-2.0.0-p481/gems/sidekiq-3.2.5/lib/sidekiq/util.rb:15:in `watchdog'
/home/sami/.rvm/gems/ruby-2.0.0-p481/gems/sidekiq-3.2.5/lib/sidekiq/launcher.rb:45:in `stop'
/home/sami/.rvm/gems/ruby-2.0.0-p481/gems/celluloid-0.15.2/lib/celluloid/calls.rb:25:in `public_send'
/home/sami/.rvm/gems/ruby-2.0.0-p481/gems/celluloid-0.15.2/lib/celluloid/calls.rb:25:in `dispatch'
/home/sami/.rvm/gems/ruby-2.0.0-p481/gems/celluloid-0.15.2/lib/celluloid/calls.rb:67:in `dispatch'
/home/sami/.rvm/gems/ruby-2.0.0-p481/gems/celluloid-0.15.2/lib/celluloid/actor.rb:322:in `block in handle_message'
/home/sami/.rvm/gems/ruby-2.0.0-p481/gems/celluloid-0.15.2/lib/celluloid/actor.rb:416:in `block in task'
/home/sami/.rvm/gems/ruby-2.0.0-p481/gems/celluloid-0.15.2/lib/celluloid/tasks.rb:55:in `block in initialize'
/home/sami/.rvm/gems/ruby-2.0.0-p481/gems/celluloid-0.15.2/lib/celluloid/tasks/task_fiber.rb:13:in `block in create'
(celluloid):0:in `remote procedure call'
/home/sami/.rvm/gems/ruby-2.0.0-p481/gems/celluloid-0.15.2/lib/celluloid/calls.rb:92:in `value'
/home/sami/.rvm/gems/ruby-2.0.0-p481/gems/celluloid-0.15.2/lib/celluloid/proxies/sync_proxy.rb:33:in `method_missing'
/home/sami/.rvm/gems/ruby-2.0.0-p481/gems/sidekiq-3.2.5/lib/sidekiq/cli.rb:86:in `rescue in run'
/home/sami/.rvm/gems/ruby-2.0.0-p481/gems/sidekiq-3.2.5/lib/sidekiq/cli.rb:77:in `run'
/home/sami/.rvm/gems/ruby-2.0.0-p481/gems/sidekiq-3.2.5/bin/sidekiq:8:in `<top (required)>'
/home/sami/.rvm/gems/ruby-2.0.0-p481/bin/sidekiq:23:in `load'
/home/sami/.rvm/gems/ruby-2.0.0-p481/bin/sidekiq:23:in `<main>'
/home/sami/.rvm/gems/ruby-2.0.0-p481/bin/ruby_executable_hooks:15:in `eval'
/home/sami/.rvm/gems/ruby-2.0.0-p481/bin/ruby_executable_hooks:15:in `<main>'
